  Application.cpp
G:\4th Year Uni\Games Programming 3\Labs\gp3-lab-5-a-EwanMcElroy-master 6\gp3-lab-5-a-EwanMcElroy-master\Application.h(4,10): warning C4067: unexpected tokens following preprocessor directive - expected a newline
G:\4th Year Uni\Games Programming 3\Labs\gp3-lab-5-a-EwanMcElroy-master 6\gp3-lab-5-a-EwanMcElroy-master\Application.cpp(469,135): warning C4309: 'argument': truncation of constant value
G:\4th Year Uni\Games Programming 3\Labs\gp3-lab-5-a-EwanMcElroy-master 6\gp3-lab-5-a-EwanMcElroy-master\Application.cpp(469,130): warning C4309: 'argument': truncation of constant value
G:\4th Year Uni\Games Programming 3\Labs\gp3-lab-5-a-EwanMcElroy-master 6\gp3-lab-5-a-EwanMcElroy-master\Application.cpp(469,119): warning C4309: 'argument': truncation of constant value
G:\4th Year Uni\Games Programming 3\Labs\gp3-lab-5-a-EwanMcElroy-master 6\gp3-lab-5-a-EwanMcElroy-master\Application.cpp(469,108): warning C4309: 'argument': truncation of constant value
G:\4th Year Uni\Games Programming 3\Labs\gp3-lab-5-a-EwanMcElroy-master 6\gp3-lab-5-a-EwanMcElroy-master\bullet\LinearMath\btAlignedObjectArray.h(266,1): warning C5033: 'register' is no longer a supported storage class
G:\4th Year Uni\Games Programming 3\Labs\gp3-lab-5-a-EwanMcElroy-master 6\gp3-lab-5-a-EwanMcElroy-master\bullet\LinearMath\btAlignedObjectArray.h(265): message : while compiling class template member function 'void btAlignedObjectArray<btDbvt::sStkNPS>::push_back(const T &)'
          with
          [
              T=btDbvt::sStkNPS
          ]
G:\4th Year Uni\Games Programming 3\Labs\gp3-lab-5-a-EwanMcElroy-master 6\gp3-lab-5-a-EwanMcElroy-master\bullet\BulletCollision\BroadphaseCollision\btDbvt.h(405): message : see reference to function template instantiation 'void btAlignedObjectArray<btDbvt::sStkNPS>::push_back(const T &)' being compiled
          with
          [
              T=btDbvt::sStkNPS
          ]
G:\4th Year Uni\Games Programming 3\Labs\gp3-lab-5-a-EwanMcElroy-master 6\gp3-lab-5-a-EwanMcElroy-master\bullet\BulletCollision\BroadphaseCollision\btDbvt.h(400): message : see reference to class template instantiation 'btAlignedObjectArray<btDbvt::sStkNPS>' being compiled
G:\4th Year Uni\Games Programming 3\Labs\gp3-lab-5-a-EwanMcElroy-master 6\gp3-lab-5-a-EwanMcElroy-master\bullet\LinearMath\btAlignedObjectArray.h(212,1): warning C5033: 'register' is no longer a supported storage class
G:\4th Year Uni\Games Programming 3\Labs\gp3-lab-5-a-EwanMcElroy-master 6\gp3-lab-5-a-EwanMcElroy-master\bullet\LinearMath\btAlignedObjectArray.h(211): message : while compiling class template member function 'void btAlignedObjectArray<Value>::resize(int,const T &)'
          with
          [
              Value=btTriangleInfo,
              T=btTriangleInfo
          ]
G:\4th Year Uni\Games Programming 3\Labs\gp3-lab-5-a-EwanMcElroy-master 6\gp3-lab-5-a-EwanMcElroy-master\bullet\BulletCollision\CollisionShapes\btTriangleInfoMap.h(222): message : see reference to function template instantiation 'void btAlignedObjectArray<Value>::resize(int,const T &)' being compiled
          with
          [
              Value=btTriangleInfo,
              T=btTriangleInfo
          ]
G:\4th Year Uni\Games Programming 3\Labs\gp3-lab-5-a-EwanMcElroy-master 6\gp3-lab-5-a-EwanMcElroy-master\bullet\LinearMath\btHashMap.h(225): message : see reference to class template instantiation 'btAlignedObjectArray<Value>' being compiled
          with
          [
              Value=btTriangleInfo
          ]
G:\4th Year Uni\Games Programming 3\Labs\gp3-lab-5-a-EwanMcElroy-master 6\gp3-lab-5-a-EwanMcElroy-master\bullet\BulletCollision\CollisionShapes\btTriangleInfoMap.h(54): message : see reference to class template instantiation 'btHashMap<btHashInt,btTriangleInfo>' being compiled
  BoxShape.cpp
G:\4th Year Uni\Games Programming 3\Labs\gp3-lab-5-a-EwanMcElroy-master 6\gp3-lab-5-a-EwanMcElroy-master\bullet\LinearMath\btAlignedObjectArray.h(266,1): warning C5033: 'register' is no longer a supported storage class
G:\4th Year Uni\Games Programming 3\Labs\gp3-lab-5-a-EwanMcElroy-master 6\gp3-lab-5-a-EwanMcElroy-master\bullet\LinearMath\btAlignedObjectArray.h(265): message : while compiling class template member function 'void btAlignedObjectArray<btDbvt::sStkNPS>::push_back(const T &)'
          with
          [
              T=btDbvt::sStkNPS
          ]
G:\4th Year Uni\Games Programming 3\Labs\gp3-lab-5-a-EwanMcElroy-master 6\gp3-lab-5-a-EwanMcElroy-master\bullet\BulletCollision\BroadphaseCollision\btDbvt.h(405): message : see reference to function template instantiation 'void btAlignedObjectArray<btDbvt::sStkNPS>::push_back(const T &)' being compiled
          with
          [
              T=btDbvt::sStkNPS
          ]
G:\4th Year Uni\Games Programming 3\Labs\gp3-lab-5-a-EwanMcElroy-master 6\gp3-lab-5-a-EwanMcElroy-master\bullet\BulletCollision\BroadphaseCollision\btDbvt.h(400): message : see reference to class template instantiation 'btAlignedObjectArray<btDbvt::sStkNPS>' being compiled
G:\4th Year Uni\Games Programming 3\Labs\gp3-lab-5-a-EwanMcElroy-master 6\gp3-lab-5-a-EwanMcElroy-master\bullet\LinearMath\btAlignedObjectArray.h(212,1): warning C5033: 'register' is no longer a supported storage class
G:\4th Year Uni\Games Programming 3\Labs\gp3-lab-5-a-EwanMcElroy-master 6\gp3-lab-5-a-EwanMcElroy-master\bullet\LinearMath\btAlignedObjectArray.h(211): message : while compiling class template member function 'void btAlignedObjectArray<Value>::resize(int,const T &)'
          with
          [
              Value=btTriangleInfo,
              T=btTriangleInfo
          ]
G:\4th Year Uni\Games Programming 3\Labs\gp3-lab-5-a-EwanMcElroy-master 6\gp3-lab-5-a-EwanMcElroy-master\bullet\BulletCollision\CollisionShapes\btTriangleInfoMap.h(222): message : see reference to function template instantiation 'void btAlignedObjectArray<Value>::resize(int,const T &)' being compiled
          with
          [
              Value=btTriangleInfo,
              T=btTriangleInfo
          ]
G:\4th Year Uni\Games Programming 3\Labs\gp3-lab-5-a-EwanMcElroy-master 6\gp3-lab-5-a-EwanMcElroy-master\bullet\LinearMath\btHashMap.h(225): message : see reference to class template instantiation 'btAlignedObjectArray<Value>' being compiled
          with
          [
              Value=btTriangleInfo
          ]
G:\4th Year Uni\Games Programming 3\Labs\gp3-lab-5-a-EwanMcElroy-master 6\gp3-lab-5-a-EwanMcElroy-master\bullet\BulletCollision\CollisionShapes\btTriangleInfoMap.h(54): message : see reference to class template instantiation 'btHashMap<btHashInt,btTriangleInfo>' being compiled
  Camera.cpp
G:\4th Year Uni\Games Programming 3\Labs\gp3-lab-5-a-EwanMcElroy-master 6\gp3-lab-5-a-EwanMcElroy-master\Application.h(4,10): warning C4067: unexpected tokens following preprocessor directive - expected a newline
  CameraComp.cpp
G:\4th Year Uni\Games Programming 3\Labs\gp3-lab-5-a-EwanMcElroy-master 6\gp3-lab-5-a-EwanMcElroy-master\Application.h(4,10): warning C4067: unexpected tokens following preprocessor directive - expected a newline
  CollisionShape.cpp
G:\4th Year Uni\Games Programming 3\Labs\gp3-lab-5-a-EwanMcElroy-master 6\gp3-lab-5-a-EwanMcElroy-master\bullet\LinearMath\btAlignedObjectArray.h(266,1): warning C5033: 'register' is no longer a supported storage class
G:\4th Year Uni\Games Programming 3\Labs\gp3-lab-5-a-EwanMcElroy-master 6\gp3-lab-5-a-EwanMcElroy-master\bullet\LinearMath\btAlignedObjectArray.h(265): message : while compiling class template member function 'void btAlignedObjectArray<btDbvt::sStkNPS>::push_back(const T &)'
          with
          [
              T=btDbvt::sStkNPS
          ]
G:\4th Year Uni\Games Programming 3\Labs\gp3-lab-5-a-EwanMcElroy-master 6\gp3-lab-5-a-EwanMcElroy-master\bullet\BulletCollision\BroadphaseCollision\btDbvt.h(405): message : see reference to function template instantiation 'void btAlignedObjectArray<btDbvt::sStkNPS>::push_back(const T &)' being compiled
          with
          [
              T=btDbvt::sStkNPS
          ]
G:\4th Year Uni\Games Programming 3\Labs\gp3-lab-5-a-EwanMcElroy-master 6\gp3-lab-5-a-EwanMcElroy-master\bullet\BulletCollision\BroadphaseCollision\btDbvt.h(400): message : see reference to class template instantiation 'btAlignedObjectArray<btDbvt::sStkNPS>' being compiled
G:\4th Year Uni\Games Programming 3\Labs\gp3-lab-5-a-EwanMcElroy-master 6\gp3-lab-5-a-EwanMcElroy-master\bullet\LinearMath\btAlignedObjectArray.h(212,1): warning C5033: 'register' is no longer a supported storage class
G:\4th Year Uni\Games Programming 3\Labs\gp3-lab-5-a-EwanMcElroy-master 6\gp3-lab-5-a-EwanMcElroy-master\bullet\LinearMath\btAlignedObjectArray.h(211): message : while compiling class template member function 'void btAlignedObjectArray<Value>::resize(int,const T &)'
          with
          [
              Value=btTriangleInfo,
              T=btTriangleInfo
          ]
G:\4th Year Uni\Games Programming 3\Labs\gp3-lab-5-a-EwanMcElroy-master 6\gp3-lab-5-a-EwanMcElroy-master\bullet\BulletCollision\CollisionShapes\btTriangleInfoMap.h(222): message : see reference to function template instantiation 'void btAlignedObjectArray<Value>::resize(int,const T &)' being compiled
          with
          [
              Value=btTriangleInfo,
              T=btTriangleInfo
          ]
G:\4th Year Uni\Games Programming 3\Labs\gp3-lab-5-a-EwanMcElroy-master 6\gp3-lab-5-a-EwanMcElroy-master\bullet\LinearMath\btHashMap.h(225): message : see reference to class template instantiation 'btAlignedObjectArray<Value>' being compiled
          with
          [
              Value=btTriangleInfo
          ]
G:\4th Year Uni\Games Programming 3\Labs\gp3-lab-5-a-EwanMcElroy-master 6\gp3-lab-5-a-EwanMcElroy-master\bullet\BulletCollision\CollisionShapes\btTriangleInfoMap.h(54): message : see reference to class template instantiation 'btHashMap<btHashInt,btTriangleInfo>' being compiled
  Component.cpp
  cSound.cpp
  cSoundMgr.cpp
  Entity.cpp
  Input.cpp
  Lab5.cpp
G:\4th Year Uni\Games Programming 3\Labs\gp3-lab-5-a-EwanMcElroy-master 6\gp3-lab-5-a-EwanMcElroy-master\Application.h(4,10): warning C4067: unexpected tokens following preprocessor directive - expected a newline
  Log.cpp
  Mesh.cpp
  MeshRenderer.cpp
G:\4th Year Uni\Games Programming 3\Labs\gp3-lab-5-a-EwanMcElroy-master 6\gp3-lab-5-a-EwanMcElroy-master\Application.h(4,10): warning C4067: unexpected tokens following preprocessor directive - expected a newline
  Model.cpp
  pch.cpp
  Physics.cpp
G:\4th Year Uni\Games Programming 3\Labs\gp3-lab-5-a-EwanMcElroy-master 6\gp3-lab-5-a-EwanMcElroy-master\Physics.cpp(14,43): warning C4305: 'argument': truncation from 'double' to 'const btScalar'
G:\4th Year Uni\Games Programming 3\Labs\gp3-lab-5-a-EwanMcElroy-master 6\gp3-lab-5-a-EwanMcElroy-master\bullet\LinearMath\btAlignedObjectArray.h(266,1): warning C5033: 'register' is no longer a supported storage class
G:\4th Year Uni\Games Programming 3\Labs\gp3-lab-5-a-EwanMcElroy-master 6\gp3-lab-5-a-EwanMcElroy-master\bullet\LinearMath\btAlignedObjectArray.h(265): message : while compiling class template member function 'void btAlignedObjectArray<btDbvt::sStkNPS>::push_back(const T &)'
          with
          [
              T=btDbvt::sStkNPS
          ]
G:\4th Year Uni\Games Programming 3\Labs\gp3-lab-5-a-EwanMcElroy-master 6\gp3-lab-5-a-EwanMcElroy-master\bullet\BulletCollision\BroadphaseCollision\btDbvt.h(405): message : see reference to function template instantiation 'void btAlignedObjectArray<btDbvt::sStkNPS>::push_back(const T &)' being compiled
          with
          [
              T=btDbvt::sStkNPS
          ]
G:\4th Year Uni\Games Programming 3\Labs\gp3-lab-5-a-EwanMcElroy-master 6\gp3-lab-5-a-EwanMcElroy-master\bullet\BulletCollision\BroadphaseCollision\btDbvt.h(400): message : see reference to class template instantiation 'btAlignedObjectArray<btDbvt::sStkNPS>' being compiled
G:\4th Year Uni\Games Programming 3\Labs\gp3-lab-5-a-EwanMcElroy-master 6\gp3-lab-5-a-EwanMcElroy-master\bullet\LinearMath\btAlignedObjectArray.h(212,1): warning C5033: 'register' is no longer a supported storage class
G:\4th Year Uni\Games Programming 3\Labs\gp3-lab-5-a-EwanMcElroy-master 6\gp3-lab-5-a-EwanMcElroy-master\bullet\LinearMath\btAlignedObjectArray.h(211): message : while compiling class template member function 'void btAlignedObjectArray<Value>::resize(int,const T &)'
          with
          [
              Value=btTriangleInfo,
              T=btTriangleInfo
          ]
G:\4th Year Uni\Games Programming 3\Labs\gp3-lab-5-a-EwanMcElroy-master 6\gp3-lab-5-a-EwanMcElroy-master\bullet\BulletCollision\CollisionShapes\btTriangleInfoMap.h(222): message : see reference to function template instantiation 'void btAlignedObjectArray<Value>::resize(int,const T &)' being compiled
          with
          [
              Value=btTriangleInfo,
              T=btTriangleInfo
          ]
G:\4th Year Uni\Games Programming 3\Labs\gp3-lab-5-a-EwanMcElroy-master 6\gp3-lab-5-a-EwanMcElroy-master\bullet\LinearMath\btHashMap.h(225): message : see reference to class template instantiation 'btAlignedObjectArray<Value>' being compiled
          with
          [
              Value=btTriangleInfo
          ]
G:\4th Year Uni\Games Programming 3\Labs\gp3-lab-5-a-EwanMcElroy-master 6\gp3-lab-5-a-EwanMcElroy-master\bullet\BulletCollision\CollisionShapes\btTriangleInfoMap.h(54): message : see reference to class template instantiation 'btHashMap<btHashInt,btTriangleInfo>' being compiled
  Resources.cpp
  RigidBody.cpp
G:\4th Year Uni\Games Programming 3\Labs\gp3-lab-5-a-EwanMcElroy-master 6\gp3-lab-5-a-EwanMcElroy-master\bullet\LinearMath\btAlignedObjectArray.h(266,1): warning C5033: 'register' is no longer a supported storage class
G:\4th Year Uni\Games Programming 3\Labs\gp3-lab-5-a-EwanMcElroy-master 6\gp3-lab-5-a-EwanMcElroy-master\bullet\LinearMath\btAlignedObjectArray.h(265): message : while compiling class template member function 'void btAlignedObjectArray<btDbvt::sStkNPS>::push_back(const T &)'
          with
          [
              T=btDbvt::sStkNPS
          ]
G:\4th Year Uni\Games Programming 3\Labs\gp3-lab-5-a-EwanMcElroy-master 6\gp3-lab-5-a-EwanMcElroy-master\bullet\BulletCollision\BroadphaseCollision\btDbvt.h(405): message : see reference to function template instantiation 'void btAlignedObjectArray<btDbvt::sStkNPS>::push_back(const T &)' being compiled
          with
          [
              T=btDbvt::sStkNPS
          ]
G:\4th Year Uni\Games Programming 3\Labs\gp3-lab-5-a-EwanMcElroy-master 6\gp3-lab-5-a-EwanMcElroy-master\bullet\BulletCollision\BroadphaseCollision\btDbvt.h(400): message : see reference to class template instantiation 'btAlignedObjectArray<btDbvt::sStkNPS>' being compiled
G:\4th Year Uni\Games Programming 3\Labs\gp3-lab-5-a-EwanMcElroy-master 6\gp3-lab-5-a-EwanMcElroy-master\bullet\LinearMath\btAlignedObjectArray.h(212,1): warning C5033: 'register' is no longer a supported storage class
G:\4th Year Uni\Games Programming 3\Labs\gp3-lab-5-a-EwanMcElroy-master 6\gp3-lab-5-a-EwanMcElroy-master\bullet\LinearMath\btAlignedObjectArray.h(211): message : while compiling class template member function 'void btAlignedObjectArray<Value>::resize(int,const T &)'
          with
          [
              Value=btTriangleInfo,
              T=btTriangleInfo
          ]
G:\4th Year Uni\Games Programming 3\Labs\gp3-lab-5-a-EwanMcElroy-master 6\gp3-lab-5-a-EwanMcElroy-master\bullet\BulletCollision\CollisionShapes\btTriangleInfoMap.h(222): message : see reference to function template instantiation 'void btAlignedObjectArray<Value>::resize(int,const T &)' being compiled
          with
          [
              Value=btTriangleInfo,
              T=btTriangleInfo
          ]
G:\4th Year Uni\Games Programming 3\Labs\gp3-lab-5-a-EwanMcElroy-master 6\gp3-lab-5-a-EwanMcElroy-master\bullet\LinearMath\btHashMap.h(225): message : see reference to class template instantiation 'btAlignedObjectArray<Value>' being compiled
          with
          [
              Value=btTriangleInfo
          ]
G:\4th Year Uni\Games Programming 3\Labs\gp3-lab-5-a-EwanMcElroy-master 6\gp3-lab-5-a-EwanMcElroy-master\bullet\BulletCollision\CollisionShapes\btTriangleInfoMap.h(54): message : see reference to class template instantiation 'btHashMap<btHashInt,btTriangleInfo>' being compiled
  Shader.cpp
  Compiling...
  ShaderProgram.cpp
  Texture.cpp
  Transform.cpp
  UIGen.cpp
G:\4th Year Uni\Games Programming 3\Labs\gp3-lab-5-a-EwanMcElroy-master 6\gp3-lab-5-a-EwanMcElroy-master\UIGen.cpp(38,24): warning C4838: conversion from 'char' to 'Uint8' requires a narrowing conversion
G:\4th Year Uni\Games Programming 3\Labs\gp3-lab-5-a-EwanMcElroy-master 6\gp3-lab-5-a-EwanMcElroy-master\UIGen.cpp(38,30): warning C4838: conversion from 'char' to 'Uint8' requires a narrowing conversion
G:\4th Year Uni\Games Programming 3\Labs\gp3-lab-5-a-EwanMcElroy-master 6\gp3-lab-5-a-EwanMcElroy-master\UIGen.cpp(38,38): warning C4838: conversion from 'char' to 'Uint8' requires a narrowing conversion
G:\4th Year Uni\Games Programming 3\Labs\gp3-lab-5-a-EwanMcElroy-master 6\gp3-lab-5-a-EwanMcElroy-master\UIGen.cpp(38,45): warning C4838: conversion from 'char' to 'Uint8' requires a narrowing conversion
G:\4th Year Uni\Games Programming 3\Labs\gp3-lab-5-a-EwanMcElroy-master 6\gp3-lab-5-a-EwanMcElroy-master\UIGen.cpp(39,24): warning C4838: conversion from 'char' to 'Uint8' requires a narrowing conversion
G:\4th Year Uni\Games Programming 3\Labs\gp3-lab-5-a-EwanMcElroy-master 6\gp3-lab-5-a-EwanMcElroy-master\UIGen.cpp(39,34): warning C4838: conversion from 'char' to 'Uint8' requires a narrowing conversion
G:\4th Year Uni\Games Programming 3\Labs\gp3-lab-5-a-EwanMcElroy-master 6\gp3-lab-5-a-EwanMcElroy-master\UIGen.cpp(39,46): warning C4838: conversion from 'char' to 'Uint8' requires a narrowing conversion
G:\4th Year Uni\Games Programming 3\Labs\gp3-lab-5-a-EwanMcElroy-master 6\gp3-lab-5-a-EwanMcElroy-master\UIGen.cpp(39,57): warning C4838: conversion from 'char' to 'Uint8' requires a narrowing conversion
  Generating code
  Previous IPDB not found, fall back to full compilation.
  All 2280 functions were compiled because no usable IPDB/IOBJ from previous compilation was found.
  Finished generating code
BulletCollision_Debug.lib(btCollisionAlgorithm.obj) : warning LNK4099: PDB 'BulletCollision.pdb' was not found with 'BulletCollision_Debug.lib(btCollisionAlgorithm.obj)' or at 'G:\4th Year Uni\Games Programming 3\Labs\gp3-lab-5-a-EwanMcElroy-master 6\gp3-lab-5-a-EwanMcElroy-master\x64\Release\BulletCollision.pdb'; linking object as if no debug info
BulletCollision_Debug.lib(btDbvt.obj) : warning LNK4099: PDB 'BulletCollision.pdb' was not found with 'BulletCollision_Debug.lib(btDbvt.obj)' or at 'G:\4th Year Uni\Games Programming 3\Labs\gp3-lab-5-a-EwanMcElroy-master 6\gp3-lab-5-a-EwanMcElroy-master\x64\Release\BulletCollision.pdb'; linking object as if no debug info
BulletCollision_Debug.lib(btDbvtBroadphase.obj) : warning LNK4099: PDB 'BulletCollision.pdb' was not found with 'BulletCollision_Debug.lib(btDbvtBroadphase.obj)' or at 'G:\4th Year Uni\Games Programming 3\Labs\gp3-lab-5-a-EwanMcElroy-master 6\gp3-lab-5-a-EwanMcElroy-master\x64\Release\BulletCollision.pdb'; linking object as if no debug info
BulletCollision_Debug.lib(btDispatcher.obj) : warning LNK4099: PDB 'BulletCollision.pdb' was not found with 'BulletCollision_Debug.lib(btDispatcher.obj)' or at 'G:\4th Year Uni\Games Programming 3\Labs\gp3-lab-5-a-EwanMcElroy-master 6\gp3-lab-5-a-EwanMcElroy-master\x64\Release\BulletCollision.pdb'; linking object as if no debug info
BulletCollision_Debug.lib(btOverlappingPairCache.obj) : warning LNK4099: PDB 'BulletCollision.pdb' was not found with 'BulletCollision_Debug.lib(btOverlappingPairCache.obj)' or at 'G:\4th Year Uni\Games Programming 3\Labs\gp3-lab-5-a-EwanMcElroy-master 6\gp3-lab-5-a-EwanMcElroy-master\x64\Release\BulletCollision.pdb'; linking object as if no debug info
BulletCollision_Debug.lib(btQuantizedBvh.obj) : warning LNK4099: PDB 'BulletCollision.pdb' was not found with 'BulletCollision_Debug.lib(btQuantizedBvh.obj)' or at 'G:\4th Year Uni\Games Programming 3\Labs\gp3-lab-5-a-EwanMcElroy-master 6\gp3-lab-5-a-EwanMcElroy-master\x64\Release\BulletCollision.pdb'; linking object as if no debug info
BulletCollision_Debug.lib(btActivatingCollisionAlgorithm.obj) : warning LNK4099: PDB 'BulletCollision.pdb' was not found with 'BulletCollision_Debug.lib(btActivatingCollisionAlgorithm.obj)' or at 'G:\4th Year Uni\Games Programming 3\Labs\gp3-lab-5-a-EwanMcElroy-master 6\gp3-lab-5-a-EwanMcElroy-master\x64\Release\BulletCollision.pdb'; linking object as if no debug info
BulletCollision_Debug.lib(btBoxBoxCollisionAlgorithm.obj) : warning LNK4099: PDB 'BulletCollision.pdb' was not found with 'BulletCollision_Debug.lib(btBoxBoxCollisionAlgorithm.obj)' or at 'G:\4th Year Uni\Games Programming 3\Labs\gp3-lab-5-a-EwanMcElroy-master 6\gp3-lab-5-a-EwanMcElroy-master\x64\Release\BulletCollision.pdb'; linking object as if no debug info
BulletCollision_Debug.lib(btBoxBoxDetector.obj) : warning LNK4099: PDB 'BulletCollision.pdb' was not found with 'BulletCollision_Debug.lib(btBoxBoxDetector.obj)' or at 'G:\4th Year Uni\Games Programming 3\Labs\gp3-lab-5-a-EwanMcElroy-master 6\gp3-lab-5-a-EwanMcElroy-master\x64\Release\BulletCollision.pdb'; linking object as if no debug info
BulletCollision_Debug.lib(btCollisionDispatcher.obj) : warning LNK4099: PDB 'BulletCollision.pdb' was not found with 'BulletCollision_Debug.lib(btCollisionDispatcher.obj)' or at 'G:\4th Year Uni\Games Programming 3\Labs\gp3-lab-5-a-EwanMcElroy-master 6\gp3-lab-5-a-EwanMcElroy-master\x64\Release\BulletCollision.pdb'; linking object as if no debug info
BulletCollision_Debug.lib(btCollisionObject.obj) : warning LNK4099: PDB 'BulletCollision.pdb' was not found with 'BulletCollision_Debug.lib(btCollisionObject.obj)' or at 'G:\4th Year Uni\Games Programming 3\Labs\gp3-lab-5-a-EwanMcElroy-master 6\gp3-lab-5-a-EwanMcElroy-master\x64\Release\BulletCollision.pdb'; linking object as if no debug info
BulletCollision_Debug.lib(btCollisionWorld.obj) : warning LNK4099: PDB 'BulletCollision.pdb' was not found with 'BulletCollision_Debug.lib(btCollisionWorld.obj)' or at 'G:\4th Year Uni\Games Programming 3\Labs\gp3-lab-5-a-EwanMcElroy-master 6\gp3-lab-5-a-EwanMcElroy-master\x64\Release\BulletCollision.pdb'; linking object as if no debug info
BulletCollision_Debug.lib(btCompoundCollisionAlgorithm.obj) : warning LNK4099: PDB 'BulletCollision.pdb' was not found with 'BulletCollision_Debug.lib(btCompoundCollisionAlgorithm.obj)' or at 'G:\4th Year Uni\Games Programming 3\Labs\gp3-lab-5-a-EwanMcElroy-master 6\gp3-lab-5-a-EwanMcElroy-master\x64\Release\BulletCollision.pdb'; linking object as if no debug info
BulletCollision_Debug.lib(btCompoundCompoundCollisionAlgorithm.obj) : warning LNK4099: PDB 'BulletCollision.pdb' was not found with 'BulletCollision_Debug.lib(btCompoundCompoundCollisionAlgorithm.obj)' or at 'G:\4th Year Uni\Games Programming 3\Labs\gp3-lab-5-a-EwanMcElroy-master 6\gp3-lab-5-a-EwanMcElroy-master\x64\Release\BulletCollision.pdb'; linking object as if no debug info
BulletCollision_Debug.lib(btConvexConcaveCollisionAlgorithm.obj) : warning LNK4099: PDB 'BulletCollision.pdb' was not found with 'BulletCollision_Debug.lib(btConvexConcaveCollisionAlgorithm.obj)' or at 'G:\4th Year Uni\Games Programming 3\Labs\gp3-lab-5-a-EwanMcElroy-master 6\gp3-lab-5-a-EwanMcElroy-master\x64\Release\BulletCollision.pdb'; linking object as if no debug info
BulletCollision_Debug.lib(btConvexConvexAlgorithm.obj) : warning LNK4099: PDB 'BulletCollision.pdb' was not found with 'BulletCollision_Debug.lib(btConvexConvexAlgorithm.obj)' or at 'G:\4th Year Uni\Games Programming 3\Labs\gp3-lab-5-a-EwanMcElroy-master 6\gp3-lab-5-a-EwanMcElroy-master\x64\Release\BulletCollision.pdb'; linking object as if no debug info
BulletCollision_Debug.lib(btConvexPlaneCollisionAlgorithm.obj) : warning LNK4099: PDB 'BulletCollision.pdb' was not found with 'BulletCollision_Debug.lib(btConvexPlaneCollisionAlgorithm.obj)' or at 'G:\4th Year Uni\Games Programming 3\Labs\gp3-lab-5-a-EwanMcElroy-master 6\gp3-lab-5-a-EwanMcElroy-master\x64\Release\BulletCollision.pdb'; linking object as if no debug info
BulletCollision_Debug.lib(btDefaultCollisionConfiguration.obj) : warning LNK4099: PDB 'BulletCollision.pdb' was not found with 'BulletCollision_Debug.lib(btDefaultCollisionConfiguration.obj)' or at 'G:\4th Year Uni\Games Programming 3\Labs\gp3-lab-5-a-EwanMcElroy-master 6\gp3-lab-5-a-EwanMcElroy-master\x64\Release\BulletCollision.pdb'; linking object as if no debug info
BulletCollision_Debug.lib(btEmptyCollisionAlgorithm.obj) : warning LNK4099: PDB 'BulletCollision.pdb' was not found with 'BulletCollision_Debug.lib(btEmptyCollisionAlgorithm.obj)' or at 'G:\4th Year Uni\Games Programming 3\Labs\gp3-lab-5-a-EwanMcElroy-master 6\gp3-lab-5-a-EwanMcElroy-master\x64\Release\BulletCollision.pdb'; linking object as if no debug info
BulletCollision_Debug.lib(btHashedSimplePairCache.obj) : warning LNK4099: PDB 'BulletCollision.pdb' was not found with 'BulletCollision_Debug.lib(btHashedSimplePairCache.obj)' or at 'G:\4th Year Uni\Games Programming 3\Labs\gp3-lab-5-a-EwanMcElroy-master 6\gp3-lab-5-a-EwanMcElroy-master\x64\Release\BulletCollision.pdb'; linking object as if no debug info
BulletCollision_Debug.lib(btManifoldResult.obj) : warning LNK4099: PDB 'BulletCollision.pdb' was not found with 'BulletCollision_Debug.lib(btManifoldResult.obj)' or at 'G:\4th Year Uni\Games Programming 3\Labs\gp3-lab-5-a-EwanMcElroy-master 6\gp3-lab-5-a-EwanMcElroy-master\x64\Release\BulletCollision.pdb'; linking object as if no debug info
BulletCollision_Debug.lib(btSimulationIslandManager.obj) : warning LNK4099: PDB 'BulletCollision.pdb' was not found with 'BulletCollision_Debug.lib(btSimulationIslandManager.obj)' or at 'G:\4th Year Uni\Games Programming 3\Labs\gp3-lab-5-a-EwanMcElroy-master 6\gp3-lab-5-a-EwanMcElroy-master\x64\Release\BulletCollision.pdb'; linking object as if no debug info
BulletCollision_Debug.lib(btSphereSphereCollisionAlgorithm.obj) : warning LNK4099: PDB 'BulletCollision.pdb' was not found with 'BulletCollision_Debug.lib(btSphereSphereCollisionAlgorithm.obj)' or at 'G:\4th Year Uni\Games Programming 3\Labs\gp3-lab-5-a-EwanMcElroy-master 6\gp3-lab-5-a-EwanMcElroy-master\x64\Release\BulletCollision.pdb'; linking object as if no debug info
BulletCollision_Debug.lib(btSphereTriangleCollisionAlgorithm.obj) : warning LNK4099: PDB 'BulletCollision.pdb' was not found with 'BulletCollision_Debug.lib(btSphereTriangleCollisionAlgorithm.obj)' or at 'G:\4th Year Uni\Games Programming 3\Labs\gp3-lab-5-a-EwanMcElroy-master 6\gp3-lab-5-a-EwanMcElroy-master\x64\Release\BulletCollision.pdb'; linking object as if no debug info
BulletCollision_Debug.lib(btUnionFind.obj) : warning LNK4099: PDB 'BulletCollision.pdb' was not found with 'BulletCollision_Debug.lib(btUnionFind.obj)' or at 'G:\4th Year Uni\Games Programming 3\Labs\gp3-lab-5-a-EwanMcElroy-master 6\gp3-lab-5-a-EwanMcElroy-master\x64\Release\BulletCollision.pdb'; linking object as if no debug info
BulletCollision_Debug.lib(SphereTriangleDetector.obj) : warning LNK4099: PDB 'BulletCollision.pdb' was not found with 'BulletCollision_Debug.lib(SphereTriangleDetector.obj)' or at 'G:\4th Year Uni\Games Programming 3\Labs\gp3-lab-5-a-EwanMcElroy-master 6\gp3-lab-5-a-EwanMcElroy-master\x64\Release\BulletCollision.pdb'; linking object as if no debug info
BulletCollision_Debug.lib(btBoxShape.obj) : warning LNK4099: PDB 'BulletCollision.pdb' was not found with 'BulletCollision_Debug.lib(btBoxShape.obj)' or at 'G:\4th Year Uni\Games Programming 3\Labs\gp3-lab-5-a-EwanMcElroy-master 6\gp3-lab-5-a-EwanMcElroy-master\x64\Release\BulletCollision.pdb'; linking object as if no debug info
BulletCollision_Debug.lib(btBvhTriangleMeshShape.obj) : warning LNK4099: PDB 'BulletCollision.pdb' was not found with 'BulletCollision_Debug.lib(btBvhTriangleMeshShape.obj)' or at 'G:\4th Year Uni\Games Programming 3\Labs\gp3-lab-5-a-EwanMcElroy-master 6\gp3-lab-5-a-EwanMcElroy-master\x64\Release\BulletCollision.pdb'; linking object as if no debug info
BulletCollision_Debug.lib(btCollisionShape.obj) : warning LNK4099: PDB 'BulletCollision.pdb' was not found with 'BulletCollision_Debug.lib(btCollisionShape.obj)' or at 'G:\4th Year Uni\Games Programming 3\Labs\gp3-lab-5-a-EwanMcElroy-master 6\gp3-lab-5-a-EwanMcElroy-master\x64\Release\BulletCollision.pdb'; linking object as if no debug info
BulletCollision_Debug.lib(btConcaveShape.obj) : warning LNK4099: PDB 'BulletCollision.pdb' was not found with 'BulletCollision_Debug.lib(btConcaveShape.obj)' or at 'G:\4th Year Uni\Games Programming 3\Labs\gp3-lab-5-a-EwanMcElroy-master 6\gp3-lab-5-a-EwanMcElroy-master\x64\Release\BulletCollision.pdb'; linking object as if no debug info
BulletCollision_Debug.lib(btConvexInternalShape.obj) : warning LNK4099: PDB 'BulletCollision.pdb' was not found with 'BulletCollision_Debug.lib(btConvexInternalShape.obj)' or at 'G:\4th Year Uni\Games Programming 3\Labs\gp3-lab-5-a-EwanMcElroy-master 6\gp3-lab-5-a-EwanMcElroy-master\x64\Release\BulletCollision.pdb'; linking object as if no debug info
BulletCollision_Debug.lib(btConvexPolyhedron.obj) : warning LNK4099: PDB 'BulletCollision.pdb' was not found with 'BulletCollision_Debug.lib(btConvexPolyhedron.obj)' or at 'G:\4th Year Uni\Games Programming 3\Labs\gp3-lab-5-a-EwanMcElroy-master 6\gp3-lab-5-a-EwanMcElroy-master\x64\Release\BulletCollision.pdb'; linking object as if no debug info
BulletCollision_Debug.lib(btConvexShape.obj) : warning LNK4099: PDB 'BulletCollision.pdb' was not found with 'BulletCollision_Debug.lib(btConvexShape.obj)' or at 'G:\4th Year Uni\Games Programming 3\Labs\gp3-lab-5-a-EwanMcElroy-master 6\gp3-lab-5-a-EwanMcElroy-master\x64\Release\BulletCollision.pdb'; linking object as if no debug info
BulletCollision_Debug.lib(btMiniSDF.obj) : warning LNK4099: PDB 'BulletCollision.pdb' was not found with 'BulletCollision_Debug.lib(btMiniSDF.obj)' or at 'G:\4th Year Uni\Games Programming 3\Labs\gp3-lab-5-a-EwanMcElroy-master 6\gp3-lab-5-a-EwanMcElroy-master\x64\Release\BulletCollision.pdb'; linking object as if no debug info
BulletCollision_Debug.lib(btOptimizedBvh.obj) : warning LNK4099: PDB 'BulletCollision.pdb' was not found with 'BulletCollision_Debug.lib(btOptimizedBvh.obj)' or at 'G:\4th Year Uni\Games Programming 3\Labs\gp3-lab-5-a-EwanMcElroy-master 6\gp3-lab-5-a-EwanMcElroy-master\x64\Release\BulletCollision.pdb'; linking object as if no debug info
BulletCollision_Debug.lib(btPolyhedralConvexShape.obj) : warning LNK4099: PDB 'BulletCollision.pdb' was not found with 'BulletCollision_Debug.lib(btPolyhedralConvexShape.obj)' or at 'G:\4th Year Uni\Games Programming 3\Labs\gp3-lab-5-a-EwanMcElroy-master 6\gp3-lab-5-a-EwanMcElroy-master\x64\Release\BulletCollision.pdb'; linking object as if no debug info
BulletCollision_Debug.lib(btSdfCollisionShape.obj) : warning LNK4099: PDB 'BulletCollision.pdb' was not found with 'BulletCollision_Debug.lib(btSdfCollisionShape.obj)' or at 'G:\4th Year Uni\Games Programming 3\Labs\gp3-lab-5-a-EwanMcElroy-master 6\gp3-lab-5-a-EwanMcElroy-master\x64\Release\BulletCollision.pdb'; linking object as if no debug info
BulletCollision_Debug.lib(btSphereShape.obj) : warning LNK4099: PDB 'BulletCollision.pdb' was not found with 'BulletCollision_Debug.lib(btSphereShape.obj)' or at 'G:\4th Year Uni\Games Programming 3\Labs\gp3-lab-5-a-EwanMcElroy-master 6\gp3-lab-5-a-EwanMcElroy-master\x64\Release\BulletCollision.pdb'; linking object as if no debug info
BulletCollision_Debug.lib(btTriangleCallback.obj) : warning LNK4099: PDB 'BulletCollision.pdb' was not found with 'BulletCollision_Debug.lib(btTriangleCallback.obj)' or at 'G:\4th Year Uni\Games Programming 3\Labs\gp3-lab-5-a-EwanMcElroy-master 6\gp3-lab-5-a-EwanMcElroy-master\x64\Release\BulletCollision.pdb'; linking object as if no debug info
BulletCollision_Debug.lib(btTriangleMeshShape.obj) : warning LNK4099: PDB 'BulletCollision.pdb' was not found with 'BulletCollision_Debug.lib(btTriangleMeshShape.obj)' or at 'G:\4th Year Uni\Games Programming 3\Labs\gp3-lab-5-a-EwanMcElroy-master 6\gp3-lab-5-a-EwanMcElroy-master\x64\Release\BulletCollision.pdb'; linking object as if no debug info
BulletCollision_Debug.lib(btContinuousConvexCollision.obj) : warning LNK4099: PDB 'BulletCollision.pdb' was not found with 'BulletCollision_Debug.lib(btContinuousConvexCollision.obj)' or at 'G:\4th Year Uni\Games Programming 3\Labs\gp3-lab-5-a-EwanMcElroy-master 6\gp3-lab-5-a-EwanMcElroy-master\x64\Release\BulletCollision.pdb'; linking object as if no debug info
BulletCollision_Debug.lib(btConvexCast.obj) : warning LNK4099: PDB 'BulletCollision.pdb' was not found with 'BulletCollision_Debug.lib(btConvexCast.obj)' or at 'G:\4th Year Uni\Games Programming 3\Labs\gp3-lab-5-a-EwanMcElroy-master 6\gp3-lab-5-a-EwanMcElroy-master\x64\Release\BulletCollision.pdb'; linking object as if no debug info
BulletCollision_Debug.lib(btGjkConvexCast.obj) : warning LNK4099: PDB 'BulletCollision.pdb' was not found with 'BulletCollision_Debug.lib(btGjkConvexCast.obj)' or at 'G:\4th Year Uni\Games Programming 3\Labs\gp3-lab-5-a-EwanMcElroy-master 6\gp3-lab-5-a-EwanMcElroy-master\x64\Release\BulletCollision.pdb'; linking object as if no debug info
BulletCollision_Debug.lib(btGjkEpa2.obj) : warning LNK4099: PDB 'BulletCollision.pdb' was not found with 'BulletCollision_Debug.lib(btGjkEpa2.obj)' or at 'G:\4th Year Uni\Games Programming 3\Labs\gp3-lab-5-a-EwanMcElroy-master 6\gp3-lab-5-a-EwanMcElroy-master\x64\Release\BulletCollision.pdb'; linking object as if no debug info
BulletCollision_Debug.lib(btGjkEpaPenetrationDepthSolver.obj) : warning LNK4099: PDB 'BulletCollision.pdb' was not found with 'BulletCollision_Debug.lib(btGjkEpaPenetrationDepthSolver.obj)' or at 'G:\4th Year Uni\Games Programming 3\Labs\gp3-lab-5-a-EwanMcElroy-master 6\gp3-lab-5-a-EwanMcElroy-master\x64\Release\BulletCollision.pdb'; linking object as if no debug info
BulletCollision_Debug.lib(btGjkPairDetector.obj) : warning LNK4099: PDB 'BulletCollision.pdb' was not found with 'BulletCollision_Debug.lib(btGjkPairDetector.obj)' or at 'G:\4th Year Uni\Games Programming 3\Labs\gp3-lab-5-a-EwanMcElroy-master 6\gp3-lab-5-a-EwanMcElroy-master\x64\Release\BulletCollision.pdb'; linking object as if no debug info
BulletCollision_Debug.lib(btMinkowskiPenetrationDepthSolver.obj) : warning LNK4099: PDB 'BulletCollision.pdb' was not found with 'BulletCollision_Debug.lib(btMinkowskiPenetrationDepthSolver.obj)' or at 'G:\4th Year Uni\Games Programming 3\Labs\gp3-lab-5-a-EwanMcElroy-master 6\gp3-lab-5-a-EwanMcElroy-master\x64\Release\BulletCollision.pdb'; linking object as if no debug info
BulletCollision_Debug.lib(btPersistentManifold.obj) : warning LNK4099: PDB 'BulletCollision.pdb' was not found with 'BulletCollision_Debug.lib(btPersistentManifold.obj)' or at 'G:\4th Year Uni\Games Programming 3\Labs\gp3-lab-5-a-EwanMcElroy-master 6\gp3-lab-5-a-EwanMcElroy-master\x64\Release\BulletCollision.pdb'; linking object as if no debug info
BulletCollision_Debug.lib(btRaycastCallback.obj) : warning LNK4099: PDB 'BulletCollision.pdb' was not found with 'BulletCollision_Debug.lib(btRaycastCallback.obj)' or at 'G:\4th Year Uni\Games Programming 3\Labs\gp3-lab-5-a-EwanMcElroy-master 6\gp3-lab-5-a-EwanMcElroy-master\x64\Release\BulletCollision.pdb'; linking object as if no debug info
BulletCollision_Debug.lib(btSubSimplexConvexCast.obj) : warning LNK4099: PDB 'BulletCollision.pdb' was not found with 'BulletCollision_Debug.lib(btSubSimplexConvexCast.obj)' or at 'G:\4th Year Uni\Games Programming 3\Labs\gp3-lab-5-a-EwanMcElroy-master 6\gp3-lab-5-a-EwanMcElroy-master\x64\Release\BulletCollision.pdb'; linking object as if no debug info
BulletCollision_Debug.lib(btVoronoiSimplexSolver.obj) : warning LNK4099: PDB 'BulletCollision.pdb' was not found with 'BulletCollision_Debug.lib(btVoronoiSimplexSolver.obj)' or at 'G:\4th Year Uni\Games Programming 3\Labs\gp3-lab-5-a-EwanMcElroy-master 6\gp3-lab-5-a-EwanMcElroy-master\x64\Release\BulletCollision.pdb'; linking object as if no debug info
BulletCollision_Debug.lib(btPolyhedralContactClipping.obj) : warning LNK4099: PDB 'BulletCollision.pdb' was not found with 'BulletCollision_Debug.lib(btPolyhedralContactClipping.obj)' or at 'G:\4th Year Uni\Games Programming 3\Labs\gp3-lab-5-a-EwanMcElroy-master 6\gp3-lab-5-a-EwanMcElroy-master\x64\Release\BulletCollision.pdb'; linking object as if no debug info
BulletDynamics_Debug.lib(btConeTwistConstraint.obj) : warning LNK4099: PDB 'BulletDynamics.pdb' was not found with 'BulletDynamics_Debug.lib(btConeTwistConstraint.obj)' or at 'G:\4th Year Uni\Games Programming 3\Labs\gp3-lab-5-a-EwanMcElroy-master 6\gp3-lab-5-a-EwanMcElroy-master\x64\Release\BulletDynamics.pdb'; linking object as if no debug info
BulletDynamics_Debug.lib(btGeneric6DofConstraint.obj) : warning LNK4099: PDB 'BulletDynamics.pdb' was not found with 'BulletDynamics_Debug.lib(btGeneric6DofConstraint.obj)' or at 'G:\4th Year Uni\Games Programming 3\Labs\gp3-lab-5-a-EwanMcElroy-master 6\gp3-lab-5-a-EwanMcElroy-master\x64\Release\BulletDynamics.pdb'; linking object as if no debug info
BulletDynamics_Debug.lib(btSequentialImpulseConstraintSolver.obj) : warning LNK4099: PDB 'BulletDynamics.pdb' was not found with 'BulletDynamics_Debug.lib(btSequentialImpulseConstraintSolver.obj)' or at 'G:\4th Year Uni\Games Programming 3\Labs\gp3-lab-5-a-EwanMcElroy-master 6\gp3-lab-5-a-EwanMcElroy-master\x64\Release\BulletDynamics.pdb'; linking object as if no debug info
BulletDynamics_Debug.lib(btTypedConstraint.obj) : warning LNK4099: PDB 'BulletDynamics.pdb' was not found with 'BulletDynamics_Debug.lib(btTypedConstraint.obj)' or at 'G:\4th Year Uni\Games Programming 3\Labs\gp3-lab-5-a-EwanMcElroy-master 6\gp3-lab-5-a-EwanMcElroy-master\x64\Release\BulletDynamics.pdb'; linking object as if no debug info
BulletDynamics_Debug.lib(btDiscreteDynamicsWorld.obj) : warning LNK4099: PDB 'BulletDynamics.pdb' was not found with 'BulletDynamics_Debug.lib(btDiscreteDynamicsWorld.obj)' or at 'G:\4th Year Uni\Games Programming 3\Labs\gp3-lab-5-a-EwanMcElroy-master 6\gp3-lab-5-a-EwanMcElroy-master\x64\Release\BulletDynamics.pdb'; linking object as if no debug info
BulletDynamics_Debug.lib(btRigidBody.obj) : warning LNK4099: PDB 'BulletDynamics.pdb' was not found with 'BulletDynamics_Debug.lib(btRigidBody.obj)' or at 'G:\4th Year Uni\Games Programming 3\Labs\gp3-lab-5-a-EwanMcElroy-master 6\gp3-lab-5-a-EwanMcElroy-master\x64\Release\BulletDynamics.pdb'; linking object as if no debug info
LinearMath_Debug.lib(btAlignedAllocator.obj) : warning LNK4099: PDB 'LinearMath.pdb' was not found with 'LinearMath_Debug.lib(btAlignedAllocator.obj)' or at 'G:\4th Year Uni\Games Programming 3\Labs\gp3-lab-5-a-EwanMcElroy-master 6\gp3-lab-5-a-EwanMcElroy-master\x64\Release\LinearMath.pdb'; linking object as if no debug info
LinearMath_Debug.lib(btConvexHullComputer.obj) : warning LNK4099: PDB 'LinearMath.pdb' was not found with 'LinearMath_Debug.lib(btConvexHullComputer.obj)' or at 'G:\4th Year Uni\Games Programming 3\Labs\gp3-lab-5-a-EwanMcElroy-master 6\gp3-lab-5-a-EwanMcElroy-master\x64\Release\LinearMath.pdb'; linking object as if no debug info
LinearMath_Debug.lib(btGeometryUtil.obj) : warning LNK4099: PDB 'LinearMath.pdb' was not found with 'LinearMath_Debug.lib(btGeometryUtil.obj)' or at 'G:\4th Year Uni\Games Programming 3\Labs\gp3-lab-5-a-EwanMcElroy-master 6\gp3-lab-5-a-EwanMcElroy-master\x64\Release\LinearMath.pdb'; linking object as if no debug info
LinearMath_Debug.lib(btQuickprof.obj) : warning LNK4099: PDB 'LinearMath.pdb' was not found with 'LinearMath_Debug.lib(btQuickprof.obj)' or at 'G:\4th Year Uni\Games Programming 3\Labs\gp3-lab-5-a-EwanMcElroy-master 6\gp3-lab-5-a-EwanMcElroy-master\x64\Release\LinearMath.pdb'; linking object as if no debug info
LinearMath_Debug.lib(btVector3.obj) : warning LNK4099: PDB 'LinearMath.pdb' was not found with 'LinearMath_Debug.lib(btVector3.obj)' or at 'G:\4th Year Uni\Games Programming 3\Labs\gp3-lab-5-a-EwanMcElroy-master 6\gp3-lab-5-a-EwanMcElroy-master\x64\Release\LinearMath.pdb'; linking object as if no debug info
  GP3_Lab_5.vcxproj -> G:\4th Year Uni\Games Programming 3\Labs\gp3-lab-5-a-EwanMcElroy-master 6\gp3-lab-5-a-EwanMcElroy-master\x64\Release\GP3_Lab_5.exe
  copying the required libraries and folders
  G:\4th Year Uni\Games Programming 3\Labs\gp3-lab-5-a-EwanMcElroy-master 6\gp3-lab-5-a-EwanMcElroy-master\Assets\Audio\SFX\ClickOn.wav
  G:\4th Year Uni\Games Programming 3\Labs\gp3-lab-5-a-EwanMcElroy-master 6\gp3-lab-5-a-EwanMcElroy-master\Assets\Audio\SFX\235968__tommccann__explosion-01.wav
  G:\4th Year Uni\Games Programming 3\Labs\gp3-lab-5-a-EwanMcElroy-master 6\gp3-lab-5-a-EwanMcElroy-master\Assets\Audio\Theme\Kevin_MacLeod_-_Monkeys_Spinning_Monkeys.mp3
  G:\4th Year Uni\Games Programming 3\Labs\gp3-lab-5-a-EwanMcElroy-master 6\gp3-lab-5-a-EwanMcElroy-master\Assets\Audio\Theme\Kevin_MacLeod_-_Winter_Reflections.mp3
  G:\4th Year Uni\Games Programming 3\Labs\gp3-lab-5-a-EwanMcElroy-master 6\gp3-lab-5-a-EwanMcElroy-master\Assets\Audio\Theme\DoctorWhoTheme.mp3
  G:\4th Year Uni\Games Programming 3\Labs\gp3-lab-5-a-EwanMcElroy-master 6\gp3-lab-5-a-EwanMcElroy-master\Assets\Audio\Theme\the-descent-by-kevin-macleod-from-filmmusic-io.mp3
  G:\4th Year Uni\Games Programming 3\Labs\gp3-lab-5-a-EwanMcElroy-master 6\gp3-lab-5-a-EwanMcElroy-master\Assets\Audio\Theme\12812__jilliancallahan__generic-prop-idle.wav
  7 File(s) copied
  G:\4th Year Uni\Games Programming 3\Labs\gp3-lab-5-a-EwanMcElroy-master 6\gp3-lab-5-a-EwanMcElroy-master\Assets\Data\HighScore.dat
  G:\4th Year Uni\Games Programming 3\Labs\gp3-lab-5-a-EwanMcElroy-master 6\gp3-lab-5-a-EwanMcElroy-master\Assets\Data\HighScore2.dat
  G:\4th Year Uni\Games Programming 3\Labs\gp3-lab-5-a-EwanMcElroy-master 6\gp3-lab-5-a-EwanMcElroy-master\Assets\Data\words.txt
  3 File(s) copied
  G:\4th Year Uni\Games Programming 3\Labs\gp3-lab-5-a-EwanMcElroy-master 6\gp3-lab-5-a-EwanMcElroy-master\Assets\Fonts\BlackPearl.ttf
  G:\4th Year Uni\Games Programming 3\Labs\gp3-lab-5-a-EwanMcElroy-master 6\gp3-lab-5-a-EwanMcElroy-master\Assets\Fonts\ChalkPaint.ttf
  G:\4th Year Uni\Games Programming 3\Labs\gp3-lab-5-a-EwanMcElroy-master 6\gp3-lab-5-a-EwanMcElroy-master\Assets\Fonts\Chalkboard by Marta van Eck.ttf
  G:\4th Year Uni\Games Programming 3\Labs\gp3-lab-5-a-EwanMcElroy-master 6\gp3-lab-5-a-EwanMcElroy-master\Assets\Fonts\Colored Crayons.ttf
  G:\4th Year Uni\Games Programming 3\Labs\gp3-lab-5-a-EwanMcElroy-master 6\gp3-lab-5-a-EwanMcElroy-master\Assets\Fonts\RocketRinder-yV5d.ttf
  G:\4th Year Uni\Games Programming 3\Labs\gp3-lab-5-a-EwanMcElroy-master 6\gp3-lab-5-a-EwanMcElroy-master\Assets\Fonts\Skeletoncloset.ttf
  G:\4th Year Uni\Games Programming 3\Labs\gp3-lab-5-a-EwanMcElroy-master 6\gp3-lab-5-a-EwanMcElroy-master\Assets\Fonts\digital-7.ttf
  G:\4th Year Uni\Games Programming 3\Labs\gp3-lab-5-a-EwanMcElroy-master 6\gp3-lab-5-a-EwanMcElroy-master\Assets\Fonts\space age.ttf
  8 File(s) copied
  G:\4th Year Uni\Games Programming 3\Labs\gp3-lab-5-a-EwanMcElroy-master 6\gp3-lab-5-a-EwanMcElroy-master\Assets\Images\Buttons\button_exit.png
  G:\4th Year Uni\Games Programming 3\Labs\gp3-lab-5-a-EwanMcElroy-master 6\gp3-lab-5-a-EwanMcElroy-master\Assets\Images\Buttons\button_hscore.png
  G:\4th Year Uni\Games Programming 3\Labs\gp3-lab-5-a-EwanMcElroy-master 6\gp3-lab-5-a-EwanMcElroy-master\Assets\Images\Buttons\button_instructions.png
  G:\4th Year Uni\Games Programming 3\Labs\gp3-lab-5-a-EwanMcElroy-master 6\gp3-lab-5-a-EwanMcElroy-master\Assets\Images\Buttons\button_load.png
  G:\4th Year Uni\Games Programming 3\Labs\gp3-lab-5-a-EwanMcElroy-master 6\gp3-lab-5-a-EwanMcElroy-master\Assets\Images\Buttons\button_menu.png
  G:\4th Year Uni\Games Programming 3\Labs\gp3-lab-5-a-EwanMcElroy-master 6\gp3-lab-5-a-EwanMcElroy-master\Assets\Images\Buttons\button_play.png
  G:\4th Year Uni\Games Programming 3\Labs\gp3-lab-5-a-EwanMcElroy-master 6\gp3-lab-5-a-EwanMcElroy-master\Assets\Images\Buttons\button_save.png
  G:\4th Year Uni\Games Programming 3\Labs\gp3-lab-5-a-EwanMcElroy-master 6\gp3-lab-5-a-EwanMcElroy-master\Assets\Images\Buttons\button_settings.png
  G:\4th Year Uni\Games Programming 3\Labs\gp3-lab-5-a-EwanMcElroy-master 6\gp3-lab-5-a-EwanMcElroy-master\Assets\Images\Textures\Wood.jpg
  G:\4th Year Uni\Games Programming 3\Labs\gp3-lab-5-a-EwanMcElroy-master 6\gp3-lab-5-a-EwanMcElroy-master\Assets\Images\Textures\Beriev_2048.png
  G:\4th Year Uni\Games Programming 3\Labs\gp3-lab-5-a-EwanMcElroy-master 6\gp3-lab-5-a-EwanMcElroy-master\Assets\Images\Textures\DefaultMaterial_Diffuse.png
  G:\4th Year Uni\Games Programming 3\Labs\gp3-lab-5-a-EwanMcElroy-master 6\gp3-lab-5-a-EwanMcElroy-master\Assets\Images\Textures\sandTexture.png
  G:\4th Year Uni\Games Programming 3\Labs\gp3-lab-5-a-EwanMcElroy-master 6\gp3-lab-5-a-EwanMcElroy-master\Assets\Images\Textures\LowPoly_Solder_Def.jpg
  G:\4th Year Uni\Games Programming 3\Labs\gp3-lab-5-a-EwanMcElroy-master 6\gp3-lab-5-a-EwanMcElroy-master\Assets\Images\Textures\AIM-54 phoenix texture.jpeg
  14 File(s) copied
  G:\4th Year Uni\Games Programming 3\Labs\gp3-lab-5-a-EwanMcElroy-master 6\gp3-lab-5-a-EwanMcElroy-master\Assets\Models\cube.obj
  G:\4th Year Uni\Games Programming 3\Labs\gp3-lab-5-a-EwanMcElroy-master 6\gp3-lab-5-a-EwanMcElroy-master\Assets\Models\cube2.obj
  G:\4th Year Uni\Games Programming 3\Labs\gp3-lab-5-a-EwanMcElroy-master 6\gp3-lab-5-a-EwanMcElroy-master\Assets\Models\dalek.obj
  G:\4th Year Uni\Games Programming 3\Labs\gp3-lab-5-a-EwanMcElroy-master 6\gp3-lab-5-a-EwanMcElroy-master\Assets\Models\BerievA50.FBX
  G:\4th Year Uni\Games Programming 3\Labs\gp3-lab-5-a-EwanMcElroy-master 6\gp3-lab-5-a-EwanMcElroy-master\Assets\Models\tank_trexhwm.obj
  G:\4th Year Uni\Games Programming 3\Labs\gp3-lab-5-a-EwanMcElroy-master 6\gp3-lab-5-a-EwanMcElroy-master\Assets\Models\desert obj.obj
  G:\4th Year Uni\Games Programming 3\Labs\gp3-lab-5-a-EwanMcElroy-master 6\gp3-lab-5-a-EwanMcElroy-master\Assets\Models\Solder_Character_Mesh_OBJ01.obj
  G:\4th Year Uni\Games Programming 3\Labs\gp3-lab-5-a-EwanMcElroy-master 6\gp3-lab-5-a-EwanMcElroy-master\Assets\Models\Aim-54_Phoenix.obj
  8 File(s) copied
  G:\4th Year Uni\Games Programming 3\Labs\gp3-lab-5-a-EwanMcElroy-master 6\gp3-lab-5-a-EwanMcElroy-master\Assets\Shaders\simple_FRAG.glsl
  G:\4th Year Uni\Games Programming 3\Labs\gp3-lab-5-a-EwanMcElroy-master 6\gp3-lab-5-a-EwanMcElroy-master\Assets\Shaders\simple_VERT.glsl
  G:\4th Year Uni\Games Programming 3\Labs\gp3-lab-5-a-EwanMcElroy-master 6\gp3-lab-5-a-EwanMcElroy-master\Assets\Shaders\sandShaderFRAG.glsl.txt
  G:\4th Year Uni\Games Programming 3\Labs\gp3-lab-5-a-EwanMcElroy-master 6\gp3-lab-5-a-EwanMcElroy-master\Assets\Shaders\sandShaderVERT.glsl.txt
  G:\4th Year Uni\Games Programming 3\Labs\gp3-lab-5-a-EwanMcElroy-master 6\gp3-lab-5-a-EwanMcElroy-master\Assets\Shaders\Labs1-3\simple_FRAG.glsl
  G:\4th Year Uni\Games Programming 3\Labs\gp3-lab-5-a-EwanMcElroy-master 6\gp3-lab-5-a-EwanMcElroy-master\Assets\Shaders\Labs1-3\simple_VERT.glsl
  6 File(s) copied
  SDL2\SDL2-2.0.4\lib\x64\SDL2.dll
  1 File(s) copied
  SDL2\SDL2_image-2.0.1\lib\x64\SDL2_image.dll
  SDL2\SDL2_image-2.0.1\lib\x64\libjpeg-9.dll
  SDL2\SDL2_image-2.0.1\lib\x64\libpng16-16.dll
  SDL2\SDL2_image-2.0.1\lib\x64\libtiff-5.dll
  SDL2\SDL2_image-2.0.1\lib\x64\libwebp-4.dll
  SDL2\SDL2_image-2.0.1\lib\x64\zlib1.dll
  6 File(s) copied
  SDL2\SDL2_ttf-2.0.14\lib\x64\SDL2_ttf.dll
  SDL2\SDL2_ttf-2.0.14\lib\x64\libfreetype-6.dll
  SDL2\SDL2_ttf-2.0.14\lib\x64\zlib1.dll
  3 File(s) copied
  SDL2\SDL2_mixer-2.0.1\lib\x64\SDL2_mixer.dll
  SDL2\SDL2_mixer-2.0.1\lib\x64\libFLAC-8.dll
  SDL2\SDL2_mixer-2.0.1\lib\x64\libmikmod-2.dll
  SDL2\SDL2_mixer-2.0.1\lib\x64\libmodplug-1.dll
  SDL2\SDL2_mixer-2.0.1\lib\x64\libogg-0.dll
  SDL2\SDL2_mixer-2.0.1\lib\x64\libvorbis-0.dll
  SDL2\SDL2_mixer-2.0.1\lib\x64\libvorbisfile-3.dll
  SDL2\SDL2_mixer-2.0.1\lib\x64\smpeg2.dll
  8 File(s) copied
  glew-2.1.0\bin\Release\x64\glew32.dll
  1 File(s) copied
  assimp\Lib\assimp.dll
  1 File(s) copied
  File not found - *.dll
  0 File(s) copied
