g:\4th year uni\games programming 3\labs\gp3-lab-5-a-ewanmcelroy-master 6\gp3-lab-5-a-ewanmcelroy-master\x64\debug\vc142.pdb
g:\4th year uni\games programming 3\labs\gp3-lab-5-a-ewanmcelroy-master 6\gp3-lab-5-a-ewanmcelroy-master\x64\debug\vc142.idb
g:\4th year uni\games programming 3\labs\gp3-lab-5-a-ewanmcelroy-master 6\gp3-lab-5-a-ewanmcelroy-master\x64\debug\shader.obj
g:\4th year uni\games programming 3\labs\gp3-lab-5-a-ewanmcelroy-master 6\gp3-lab-5-a-ewanmcelroy-master\x64\debug\rigidbody.obj
g:\4th year uni\games programming 3\labs\gp3-lab-5-a-ewanmcelroy-master 6\gp3-lab-5-a-ewanmcelroy-master\x64\debug\resources.obj
g:\4th year uni\games programming 3\labs\gp3-lab-5-a-ewanmcelroy-master 6\gp3-lab-5-a-ewanmcelroy-master\x64\debug\physics.obj
g:\4th year uni\games programming 3\labs\gp3-lab-5-a-ewanmcelroy-master 6\gp3-lab-5-a-ewanmcelroy-master\x64\debug\pch.obj
g:\4th year uni\games programming 3\labs\gp3-lab-5-a-ewanmcelroy-master 6\gp3-lab-5-a-ewanmcelroy-master\x64\debug\model.obj
g:\4th year uni\games programming 3\labs\gp3-lab-5-a-ewanmcelroy-master 6\gp3-lab-5-a-ewanmcelroy-master\x64\debug\meshrenderer.obj
g:\4th year uni\games programming 3\labs\gp3-lab-5-a-ewanmcelroy-master 6\gp3-lab-5-a-ewanmcelroy-master\x64\debug\mesh.obj
g:\4th year uni\games programming 3\labs\gp3-lab-5-a-ewanmcelroy-master 6\gp3-lab-5-a-ewanmcelroy-master\x64\debug\log.obj
g:\4th year uni\games programming 3\labs\gp3-lab-5-a-ewanmcelroy-master 6\gp3-lab-5-a-ewanmcelroy-master\x64\debug\lab5.obj
g:\4th year uni\games programming 3\labs\gp3-lab-5-a-ewanmcelroy-master 6\gp3-lab-5-a-ewanmcelroy-master\x64\debug\input.obj
g:\4th year uni\games programming 3\labs\gp3-lab-5-a-ewanmcelroy-master 6\gp3-lab-5-a-ewanmcelroy-master\x64\debug\entity.obj
g:\4th year uni\games programming 3\labs\gp3-lab-5-a-ewanmcelroy-master 6\gp3-lab-5-a-ewanmcelroy-master\x64\debug\csoundmgr.obj
g:\4th year uni\games programming 3\labs\gp3-lab-5-a-ewanmcelroy-master 6\gp3-lab-5-a-ewanmcelroy-master\x64\debug\csound.obj
g:\4th year uni\games programming 3\labs\gp3-lab-5-a-ewanmcelroy-master 6\gp3-lab-5-a-ewanmcelroy-master\x64\debug\component.obj
g:\4th year uni\games programming 3\labs\gp3-lab-5-a-ewanmcelroy-master 6\gp3-lab-5-a-ewanmcelroy-master\x64\debug\collisionshape.obj
g:\4th year uni\games programming 3\labs\gp3-lab-5-a-ewanmcelroy-master 6\gp3-lab-5-a-ewanmcelroy-master\x64\debug\cameracomp.obj
g:\4th year uni\games programming 3\labs\gp3-lab-5-a-ewanmcelroy-master 6\gp3-lab-5-a-ewanmcelroy-master\x64\debug\camera.obj
g:\4th year uni\games programming 3\labs\gp3-lab-5-a-ewanmcelroy-master 6\gp3-lab-5-a-ewanmcelroy-master\x64\debug\boxshape.obj
g:\4th year uni\games programming 3\labs\gp3-lab-5-a-ewanmcelroy-master 6\gp3-lab-5-a-ewanmcelroy-master\x64\debug\transform.obj
g:\4th year uni\games programming 3\labs\gp3-lab-5-a-ewanmcelroy-master 6\gp3-lab-5-a-ewanmcelroy-master\x64\debug\texture.obj
g:\4th year uni\games programming 3\labs\gp3-lab-5-a-ewanmcelroy-master 6\gp3-lab-5-a-ewanmcelroy-master\x64\debug\shaderprogram.obj
g:\4th year uni\games programming 3\labs\gp3-lab-5-a-ewanmcelroy-master 6\gp3-lab-5-a-ewanmcelroy-master\x64\debug\application.obj
g:\4th year uni\games programming 3\labs\gp3-lab-5-a-ewanmcelroy-master 6\gp3-lab-5-a-ewanmcelroy-master\x64\debug\uigen.obj
g:\4th year uni\games programming 3\labs\gp3-lab-5-a-ewanmcelroy-master 6\gp3-lab-5-a-ewanmcelroy-master\x64\debug\gp3_lab_5.exe
g:\4th year uni\games programming 3\labs\gp3-lab-5-a-ewanmcelroy-master 6\gp3-lab-5-a-ewanmcelroy-master\x64\debug\gp3_lab_5.ilk
g:\4th year uni\games programming 3\labs\gp3-lab-5-a-ewanmcelroy-master 6\gp3-lab-5-a-ewanmcelroy-master\x64\debug\gp3_lab_5.pdb
g:\4th year uni\games programming 3\labs\gp3-lab-5-a-ewanmcelroy-master 6\gp3-lab-5-a-ewanmcelroy-master\x64\debug\gp3_lab_5.tlog\cl.read.1.tlog
g:\4th year uni\games programming 3\labs\gp3-lab-5-a-ewanmcelroy-master 6\gp3-lab-5-a-ewanmcelroy-master\x64\debug\gp3_lab_5.tlog\cl.write.1.tlog
g:\4th year uni\games programming 3\labs\gp3-lab-5-a-ewanmcelroy-master 6\gp3-lab-5-a-ewanmcelroy-master\x64\debug\gp3_lab_5.tlog\cl.command.1.tlog
g:\4th year uni\games programming 3\labs\gp3-lab-5-a-ewanmcelroy-master 6\gp3-lab-5-a-ewanmcelroy-master\x64\debug\gp3_lab_5.tlog\link.read.2.tlog
g:\4th year uni\games programming 3\labs\gp3-lab-5-a-ewanmcelroy-master 6\gp3-lab-5-a-ewanmcelroy-master\x64\debug\gp3_lab_5.tlog\link.write.1.tlog
g:\4th year uni\games programming 3\labs\gp3-lab-5-a-ewanmcelroy-master 6\gp3-lab-5-a-ewanmcelroy-master\x64\debug\gp3_lab_5.tlog\link.command.1.tlog
